-------------------------------------------------------------------------------
Test set: com.example.FizzBuzzTDD.EmployeeRepositoryImplTest
-------------------------------------------------------------------------------
Tests run: 1, Failures: 0, Errors: 1, Skipped: 0, Time elapsed: 0 s <<< FAILURE! - in com.example.FizzBuzzTDD.EmployeeRepositoryImplTest
name  Time elapsed: 0 s  <<< ERROR!
java.nio.file.InvalidPathException: Illegal char <:> at index 2: /C:/Users/wayne.delosangeles/Desktop/FizzBuzzTDD/FizzBuzzTDD/target/classes/datastore.csv
	at com.example.FizzBuzzTDD.EmployeeRepositoryImplTest.name(EmployeeRepositoryImplTest.java:20)

