<?xml version="1.0" encoding="UTF-8"?>
<testsuite xmlns:xsi="http://www.w3.org/2001/XMLSchema-instance" xsi:noNamespaceSchemaLocation="https://maven.apache.org/surefire/maven-surefire-plugin/xsd/surefire-test-report.xsd" name="com.example.FizzBuzzTDD.AdderServiceTest" time="0.024" tests="1" errors="1" skipped="0" failures="0">
  <properties>
[...]
</properties>
  <testcase name="name" classname="com.example.FizzBuzzTDD.AdderServiceTest" time="0.006">
    <error message="&apos;void com.example.FizzBuzzTDD.Calculator.&lt;init&gt;(com.example.FizzBuzzTDD.InputGenerator)&apos;" type="java.lang.NoSuchMethodError"><![CDATA[java.lang.NoSuchMethodError: 'void com.example.FizzBuzzTDD.Calculator.<init>(com.example.FizzBuzzTDD.InputGenerator)'
	at com.example.FizzBuzzTDD.AdderServiceTest.<init>(AdderServiceTest.java:22)
]]></error>
    <system-err><![CDATA[Nov 09, 2022 3:13:04 PM org.junit.jupiter.engine.descriptor.DisplayNameUtils determineDisplayName
WARNING: Configuration error: @DisplayName on [public void com.example.FizzBuzzTDD.EmployeeRepositoryImplTest.name()] must be declared with a non-empty value.
Nov 09, 2022 3:13:04 PM org.junit.jupiter.engine.descriptor.DisplayNameUtils determineDisplayName
WARNING: Configuration error: @DisplayName on [public void com.example.FizzBuzzTDD.EmployeeRepositoryImplTest.name()] must be declared with a non-empty value.
]]></system-err>
  </testcase>
</testsuite>